C51 COMPILER V9.60.0.0   MAIN                                                              11/08/2021 12:55:13 PAGE 1   


C51 COMPILER V9.60.0.0, COMPILATION OF MODULE MAIN
OBJECT MODULE PLACED IN .\Objects\main.obj
COMPILER INVOKED BY: C:\Keil_v5\C51\BIN\C51.EXE main.c OPTIMIZE(8,SPEED) BROWSE DEBUG OBJECTEXTEND PRINT(.\Listings\main
                    -.lst) TABS(2) OBJECT(.\Objects\main.obj)

line level    source

   1          #include <REGX52.H>
   2          
   3          sbit LED = P3^0;
   4          
   5          void Delay()
   6          {
   7   1        unsigned int lap,i;
   8   1        lap = 20;
   9   1        while(lap--)
  10   1        {
  11   2          TMOD = 0x01;
  12   2          TH0 = 0x3C;
  13   2          TL0 = 0xC7;
  14   2          TR0 = 1;
  15   2          while(!TF0);
  16   2          TF0 = 0;
  17   2          TR0 = 0;
  18   2        }
  19   1          i = 1;
  20   1          while(i--);
  21   1          LED =LED;
  22   1      }
  23          
  24          void main()
  25          { 
  26   1        LED = 0;
  27   1        while(1)
  28   1        {
  29   2          Delay();
  30   2          LED = ~LED;
  31   2        }
  32   1      
  33   1      }


MODULE INFORMATION:   STATIC OVERLAYABLE
   CODE SIZE        =     62    ----
   CONSTANT SIZE    =   ----    ----
   XDATA SIZE       =   ----    ----
   PDATA SIZE       =   ----    ----
   DATA SIZE        =   ----    ----
   IDATA SIZE       =   ----    ----
   BIT SIZE         =   ----    ----
END OF MODULE INFORMATION.


C51 COMPILATION COMPLETE.  0 WARNING(S),  0 ERROR(S)
