C51 COMPILER V9.60.0.0   MAIN                                                              11/08/2021 13:36:46 PAGE 1   


C51 COMPILER V9.60.0.0, COMPILATION OF MODULE MAIN
OBJECT MODULE PLACED IN .\Objects\main.obj
COMPILER INVOKED BY: C:\Keil_v5\C51\BIN\C51.EXE main.c OPTIMIZE(8,SPEED) BROWSE DEBUG OBJECTEXTEND PRINT(.\Listings\main
                    -.lst) TABS(2) OBJECT(.\Objects\main.obj)

line level    source

   1          #include <REGX52.H>
   2          
   3          #define LED  P0 
   4          
   5          sbit LED1 = P2^0;
   6          sbit LED2 = P2^1;
   7          sbit LED3 = P2^2;
   8          sbit LED4 = P2^3;
   9          
  10          sbit LE1 = P1^0;
  11          sbit LE2 = P1^1;
  12          sbit LE3 = P1^2;
  13          
  14          sbit BTN1 = P3^2;
  15          sbit BTN2 = P3^1;
  16          sbit BTN3 = P3^0;
  17          
  18          unsigned char code CODE7SEG[] = {0xC0,0xF9,0xA4,0xB0,0x99,0x92,0x82,0xF8,0x80,0x90};
  19          
  20          unsigned char time1,time2,time3;
  21          
  22          void setup();
  23          void resetLED();
  24          void Delay();
  25          void Display7seg(unsigned char choose,unsigned char num);
  26          void Display();
  27          void checkBTN2();
  28          void checkBTN3();
  29          
  30          void main()
  31          {
  32   1        unsigned char count1,count2,count3,count4,count4p;
  33   1        count1 = 0;
  34   1        count2 = 0;
  35   1        count3 = 0;
  36   1        count4 = 0;
  37   1        count4p = 0;
  38   1        setup();
  39   1        while(1)
  40   1        {
  41   2          checkBTN2();
  42   2          checkBTN3();
  43   2          Display();
  44   2          resetLED();
  45   2          Delay();
  46   2          
  47   2          if(time1 != 0)
  48   2            count1++;
  49   2          if(time2 != 0)
  50   2            count2++;
  51   2          if(time3 != 0)
  52   2            count3++;
  53   2          count4++;
  54   2          if(count4 >= 41)
C51 COMPILER V9.60.0.0   MAIN                                                              11/08/2021 13:36:46 PAGE 2   

  55   2          { 
  56   3            count4p++;
  57   3            count4 = 0;
  58   3          }
  59   2          if(count4p == 10)
  60   2            LED4 = 0;
  61   2          if(count4p == 11)
  62   2            LED4 = 1;
  63   2          
  64   2          if(count1 >= 41)
  65   2          {
  66   3            count1 = 0;
  67   3            if(time1 != 0)
  68   3              time1--;
  69   3          }
  70   2          if(count2 >= 41)
  71   2          {
  72   3            count2 = 0;
  73   3            if(time2 != 0)
  74   3              time2--;
  75   3          }
  76   2          if(count3 >= 41)
  77   2          {
  78   3            count3 = 0;
  79   3            if(time3 != 0)
  80   3              time3--;
  81   3          }
  82   2        }
  83   1      }
  84          
  85          void setup()
  86          {
  87   1        LE1 = 0;
  88   1        LE2 = 0;
  89   1        LE3 = 0;
  90   1        
  91   1        BTN1 = 1;
  92   1        BTN2 = 1;
  93   1        BTN3 = 1;
  94   1        
  95   1        EA = 1;
  96   1        EX0 = 1;
  97   1        IT0 = 1;
  98   1        
  99   1        time1 = 0;
 100   1        time2 = 0;
 101   1        time3 = 0;
 102   1        
 103   1        LED1 = 1;
 104   1        LED2 = 1;
 105   1        LED3 = 1;
 106   1        LED4 = 1;
 107   1      }
 108          
 109          void resetLED()
 110          {
 111   1        if(time1 == 0)
 112   1          LED1 = 1;
 113   1        if(time2 == 0)
 114   1          LED2 = 1;
 115   1        if(time3 == 0)
 116   1          LED3 = 1;
C51 COMPILER V9.60.0.0   MAIN                                                              11/08/2021 13:36:46 PAGE 3   

 117   1      }
 118          
 119          void ISR_ex0() interrupt 0
 120          {
 121   1        time1 = 9;
 122   1        LED1 = 0;
 123   1        while(!BTN1);
 124   1      }
 125          
 126          void Delay()
 127          {
 128   1        unsigned int times;
 129   1        times = 1;
 130   1        while(times--)
 131   1        {
 132   2          TMOD = 0x01;
 133   2          TH0 = 0x3C;
 134   2          TL0 = 0xB0;
 135   2          TR0 = 1;
 136   2          while(!TF0);
 137   2          TF0 = 0;
 138   2          TR0 = 0;
 139   2        }
 140   1      }
 141          void Display7seg(unsigned char choose,unsigned char num)
 142          {
 143   1        switch(choose)
 144   1        {
 145   2          case 0:
 146   2            LED = CODE7SEG[num];
 147   2            LE1 = 1;
 148   2            LE1 = 0;
 149   2            break;
 150   2          case 1:
 151   2            LED = CODE7SEG[num];
 152   2            LE2 = 1;
 153   2            LE2 = 0;
 154   2            break;
 155   2          case 2:
 156   2            LED = CODE7SEG[num];
 157   2            LE3 = 1;
 158   2            LE3 = 0;
 159   2            break;
 160   2        } 
 161   1      }
 162          void Display()
 163          {
 164   1          Display7seg(0,time1);
 165   1          Display7seg(1,time2);
 166   1          Display7seg(2,time3);
 167   1      }
 168          
 169          void checkBTN2()
 170          {
 171   1        if(!BTN2)
 172   1        {
 173   2          time2 = 9;
 174   2          LED2 = 0;
 175   2          while(!BTN2);
 176   2        }
 177   1      }
 178          void checkBTN3()
C51 COMPILER V9.60.0.0   MAIN                                                              11/08/2021 13:36:46 PAGE 4   

 179          {
 180   1        if(!BTN3)
 181   1        {
 182   2          time3 = 9;
 183   2          LED3 = 0;
 184   2          while(!BTN3);
 185   2        }
 186   1      }
 187          


MODULE INFORMATION:   STATIC OVERLAYABLE
   CODE SIZE        =    343    ----
   CONSTANT SIZE    =     10    ----
   XDATA SIZE       =   ----    ----
   PDATA SIZE       =   ----    ----
   DATA SIZE        =      3       5
   IDATA SIZE       =   ----    ----
   BIT SIZE         =   ----    ----
END OF MODULE INFORMATION.


C51 COMPILATION COMPLETE.  0 WARNING(S),  0 ERROR(S)
