C51 COMPILER V9.60.0.0   LCD2004                                                           11/09/2021 21:53:38 PAGE 1   


C51 COMPILER V9.60.0.0, COMPILATION OF MODULE LCD2004
OBJECT MODULE PLACED IN .\Objects\LCD2004.obj
COMPILER INVOKED BY: C:\Keil_v5\C51\BIN\C51.EXE ..\..\..\..\..\..\Library\LCD2004.c OPTIMIZE(8,SPEED) BROWSE INCDIR(..\.
                    -.\..\..\..\..\Library) DEBUG OBJECTEXTEND PRINT(.\Listings\LCD2004.lst) TABS(2) OBJECT(.\Objects\LCD2004.obj)

line level    source

   1          #include "LCD2004.h"
   2          
   3          
   4          void code LCD_Init (void)   /* LCD Initialize function */
   5          {
   6   1        LCD_Port = 0x00;
   7   1        delay(20);    /* LCD Power ON Initialization time >15ms */
   8   1        LCD_Command (0x02); /* 4bit mode */
   9   1        LCD_Command (0x28); /* Initialization of 20X4 LCD in 4bit mode */
  10   1        LCD_Command (0x0C); /* Display ON Cursor OFF */
  11   1        LCD_Command (0x06); /* Auto Increment cursor */
  12   1        LCD_Command (0x01); /* Clear display */
  13   1        LCD_Command (0x80); /* Cursor at home position */
  14   1      }
  15          
  16          void code LCD_Command (char cmnd) /* LCD20x4 command funtion */
  17          {
  18   1        LCD_Port =(LCD_Port & 0x0F) | (cmnd & 0xF0);/* Send upper nibble */
  19   1        rs=0;     /* Command reg. */
  20   1        rw=0;     /* Write operation */
  21   1        en=1; 
  22   1        delay(1);
  23   1        en=0;
  24   1        delay(2);
  25   1        
  26   1        LCD_Port = (LCD_Port & 0x0F) | (cmnd << 4);/* Send lower nibble */
  27   1        en=1;     /* Enable pulse */
  28   1        delay(1);
  29   1        en=0;
  30   1        delay(2);
  31   1      }
  32          
  33          void code LCD_SetPosition(char row, char pos)
  34          {
  35   1        if (row == 0)
  36   1          LCD_Command((pos & 0x0F)|0x80);
  37   1        else if (row == 1)
  38   1          LCD_Command((pos & 0x0F)|0xC0);
  39   1        else if (row == 2)
  40   1          LCD_Command((pos & 0x0F)|0x94);
  41   1        else if (row == 3)
  42   1          LCD_Command((pos & 0x0F)|0xD4);
  43   1      }
  44          
  45          void code LCD_Char (char char_data) /* LCD data write function */
  46          {
  47   1        LCD_Port =(LCD_Port & 0x0F) | (char_data & 0xF0);/* Send upper nibble */
  48   1        rs=1;     /* Data reg.*/
  49   1        rw=0;     /* Write operation*/
  50   1        en=1;
  51   1        delay(1);
  52   1        en=0;
  53   1        delay(2);
  54   1      
C51 COMPILER V9.60.0.0   LCD2004                                                           11/09/2021 21:53:38 PAGE 2   

  55   1        LCD_Port = (LCD_Port & 0x0F) | (char_data << 4);/* Send lower nibble */
  56   1        en=1;     /* Enable pulse */
  57   1        delay(1);
  58   1        en=0;
  59   1        delay(2);
  60   1      
  61   1      }
  62          
  63          void code LCD_String (char *str)  /* Send string to LCD function */
  64          {
  65   1        int i;
  66   1        for(i=0;str[i]!=0;i++)  /* Send each char of string till the NULL */
  67   1        {
  68   2          LCD_Char (str[i]);  /* Call LCD data write */
  69   2        }
  70   1      }
  71          
  72          void code LCD_String_xy (char row, char pos, char *str)  /* Send string to LCD function */
  73          {
  74   1        if (row == 0)
  75   1          LCD_Command((pos & 0x0F)|0x80);
  76   1        else if (row == 1)
  77   1          LCD_Command((pos & 0x0F)|0xC0);
  78   1        else if (row == 2)
  79   1          LCD_Command((pos & 0x0F)|0x94);
  80   1        else if (row == 3)
  81   1          LCD_Command((pos & 0x0F)|0xD4);
  82   1        LCD_String(str);    /* Call LCD string function */
  83   1      }
  84          


MODULE INFORMATION:   STATIC OVERLAYABLE
   CODE SIZE        =    405    ----
   CONSTANT SIZE    =   ----    ----
   XDATA SIZE       =   ----    ----
   PDATA SIZE       =   ----    ----
   DATA SIZE        =   ----      14
   IDATA SIZE       =   ----    ----
   BIT SIZE         =   ----    ----
END OF MODULE INFORMATION.


C51 COMPILATION COMPLETE.  0 WARNING(S),  0 ERROR(S)
