C51 COMPILER V9.60.0.0   MAIN                                                              11/03/2021 15:15:41 PAGE 1   


C51 COMPILER V9.60.0.0, COMPILATION OF MODULE MAIN
OBJECT MODULE PLACED IN .\Objects\main.obj
COMPILER INVOKED BY: C:\Keil_v5\C51\BIN\C51.EXE main.c OPTIMIZE(8,SPEED) BROWSE DEBUG OBJECTEXTEND PRINT(.\Listings\main
                    -.lst) TABS(2) OBJECT(.\Objects\main.obj)

line level    source

   1          #include <REGX52.H>
   2          
   3          sbit LED1 = P2^0;
   4          sbit LED2 = P2^2;
   5          sbit LED3 = P2^4;
   6          
   7          unsigned char revData = ' ';
   8          unsigned char flag = 0;
   9          
  10          void setup();
  11          
  12          void main()
  13          {
  14   1        setup();
  15   1      
  16   1        while(1)
  17   1        {
  18   2          if(flag == 1)
  19   2          {
  20   3            if(revData == '1')
  21   3              LED1 = !LED1;
  22   3            if(revData == '2')
  23   3              LED2 = !LED2;
  24   3            if(revData == '3')
  25   3              LED3 = !LED3;
  26   3            flag = 0;
  27   3          }
  28   2        }
  29   1      }
  30          
  31          void setup()
  32          {
  33   1        SCON = 0x50;
  34   1        EA = 1;
  35   1        ES = 1;
  36   1        
  37   1        TMOD = 0x20;
  38   1        TH1 = 0xFD;
  39   1        TR1 = 1;
  40   1        
  41   1        LED1 = 1;
  42   1        LED2 = 1;
  43   1        LED3 = 1;
  44   1      }
  45          void serial_ISR() interrupt 4
  46          {
  47   1        if(RI == 1)
  48   1        {
  49   2          revData = SBUF;
  50   2          RI = 0;
  51   2          TI = 0;
  52   2          flag = 1;
  53   2        }
  54   1      }
C51 COMPILER V9.60.0.0   MAIN                                                              11/03/2021 15:15:41 PAGE 2   



MODULE INFORMATION:   STATIC OVERLAYABLE
   CODE SIZE        =     71    ----
   CONSTANT SIZE    =   ----    ----
   XDATA SIZE       =   ----    ----
   PDATA SIZE       =   ----    ----
   DATA SIZE        =      2    ----
   IDATA SIZE       =   ----    ----
   BIT SIZE         =   ----    ----
END OF MODULE INFORMATION.


C51 COMPILATION COMPLETE.  0 WARNING(S),  0 ERROR(S)
