C51 COMPILER V9.60.0.0   MAIN                                                              10/27/2021 15:15:34 PAGE 1   


C51 COMPILER V9.60.0.0, COMPILATION OF MODULE MAIN
OBJECT MODULE PLACED IN .\Objects\main.obj
COMPILER INVOKED BY: C:\Keil_v5\C51\BIN\C51.EXE main.c OPTIMIZE(8,SPEED) BROWSE DEBUG OBJECTEXTEND PRINT(.\Listings\main
                    -.lst) TABS(2) OBJECT(.\Objects\main.obj)

line level    source

   1          #include <REGX52.H>
   2          
   3          #define LED P2
   4          sbit  BTN1 = P3^2;
   5          sbit  BTN2 = P3^3;
   6          
   7          unsigned int check1,check2,count,n;
   8          
   9          void DichLed()
  10          {
  11   1        if(LED == 0xFF)
  12   1          LED = LED >> 1;
  13   1        else
  14   1          LED = ((LED >> 1) | 0x80);
  15   1      }
  16          
  17          void Delay(unsigned int time)
  18          {
  19   1        unsigned int lap;
  20   1        while(time--)
  21   1        {
  22   2          lap = 10;
  23   2          while(lap--)
  24   2          {
  25   3            TMOD = 0x01;
  26   3            TH0 = 0x3C;
  27   3            TL0 = 0xB0;
  28   3            TR0 = 1;
  29   3            while(!TF0);
  30   3            TF0 = 0;
  31   3            TR0 = 0;
  32   3          }
  33   2        }
  34   1      }
  35          
  36          void xulyDung() interrupt 2
  37          {
  38   1        check1 = ~check1;
  39   1        while(!BTN2);
  40   1      }
  41          void xulyTimer() interrupt 0
  42          {
  43   1        if(check1 == 1)
  44   1        {
  45   2          n++;
  46   2          count++;
  47   2          while(!BTN1);
  48   2        }
  49   1      }
  50          
  51          void checkCount()
  52          {
  53   1        if(n == 1)
  54   1          count = 0;
C51 COMPILER V9.60.0.0   MAIN                                                              10/27/2021 15:15:34 PAGE 2   

  55   1        
  56   1        if(count == 0)
  57   1          check2 = 1;
  58   1        else if(count == 1)
  59   1          check2 = 2;
  60   1        else if(count == 2)
  61   1          check2 = 4;
  62   1        else if(count == 3)
  63   1          check2 = 6;
  64   1        if(count == 4)
  65   1        {
  66   2          count = 0;  
  67   2          check2 = 1;
  68   2        }
  69   1      }
  70          
  71          void initIRS()
  72          {
  73   1        EA = 1;
  74   1        EX0 = 1;
  75   1        IT0 = 1;
  76   1        EX1 = 1;
  77   1        IT1 = 1;
  78   1      }
  79          
  80          void setup()
  81          {
  82   1        BTN1 = 1;
  83   1        BTN2 = 1;
  84   1        check1 = 1;
  85   1        check2 = 2;
  86   1        count = 1;
  87   1        n = 0;
  88   1        LED = 0xFF;
  89   1      }
  90          void main(void)
  91          {
  92   1        setup();
  93   1        initIRS();  
  94   1        while(1)
  95   1        {   
  96   2          checkCount();
  97   2          if(check1 == 1)
  98   2          {
  99   3            DichLed();
 100   3            if(LED == 0xFF)
 101   3              LED = 0x7F;
 102   3            Delay(check2);
 103   3            checkCount();
 104   3          }
 105   2        }
 106   1      }


MODULE INFORMATION:   STATIC OVERLAYABLE
   CODE SIZE        =    278    ----
   CONSTANT SIZE    =   ----    ----
   XDATA SIZE       =   ----    ----
   PDATA SIZE       =   ----    ----
   DATA SIZE        =      8    ----
   IDATA SIZE       =   ----    ----
   BIT SIZE         =   ----    ----
C51 COMPILER V9.60.0.0   MAIN                                                              10/27/2021 15:15:34 PAGE 3   

END OF MODULE INFORMATION.


C51 COMPILATION COMPLETE.  0 WARNING(S),  0 ERROR(S)
