C51 COMPILER V9.60.0.0   MAIN                                                              10/25/2021 14:52:31 PAGE 1   


C51 COMPILER V9.60.0.0, COMPILATION OF MODULE MAIN
OBJECT MODULE PLACED IN .\Objects\main.obj
COMPILER INVOKED BY: C:\Keil_v5\C51\BIN\C51.EXE main.c OPTIMIZE(8,SPEED) BROWSE DEBUG OBJECTEXTEND PRINT(.\Listings\main
                    -.lst) TABS(2) OBJECT(.\Objects\main.obj)

line level    source

   1          #include <REGX52.H>
   2          
   3          #define LED1 P2
   4          
   5          void Delay_ms(unsigned int n)
   6          {
   7   1        unsigned int i,j;
   8   1        for(i=0;i<n;i = i+1)
   9   1        { for(j=0;j<123;j = j+1){}
  10   2        }
  11   1      }
  12          
  13          void Trai()
  14          {
  15   1        LED1 = (LED1 >> 1); 
  16   1      }
  17          
  18          void DTrai()
  19          {
  20   1        LED1 = (LED1 >> 1) | 0x80;
  21   1      }
  22          
  23          void Phai()
  24          {
  25   1        LED1 = (LED1 << 1);
  26   1      }
  27          
  28          void DPhai()
  29          {
  30   1        LED1 = (LED1 << 1) | 0x01; 
  31   1      }
  32          
  33          
  34          void main(void)
  35          {
  36   1        unsigned int i;
  37   1        while(1)
  38   1        {
  39   2          LED1 = 0xFF;
  40   2          Delay_ms(250);
  41   2          for(i = 0; i< 8; i=i+1)
  42   2          {
  43   3            Trai();
  44   3            Delay_ms(250);
  45   3          }
  46   2          
  47   2          LED1 = 0xFF;
  48   2          Delay_ms(250);
  49   2          for(i = 0; i< 8; i=i+1)
  50   2          {
  51   3            Phai();
  52   3            Delay_ms(250);
  53   3          }
  54   2          
C51 COMPILER V9.60.0.0   MAIN                                                              10/25/2021 14:52:31 PAGE 2   

  55   2          LED1 = 0xFF;
  56   2          Delay_ms(250);
  57   2          LED1 = 0x7F;
  58   2          Delay_ms(250);
  59   2          for(i = 0; i< 7; i=i+1)
  60   2          {
  61   3            DTrai();
  62   3            Delay_ms(250);
  63   3          }
  64   2          
  65   2          LED1 = 0xFF;
  66   2          Delay_ms(250);
  67   2          LED1 = 0xFE;
  68   2          Delay_ms(250);
  69   2          for(i = 0; i< 7; i=i+1)
  70   2          {
  71   3            DPhai();
  72   3            Delay_ms(250);
  73   3          }
  74   2        }
  75   1      
  76   1      }


MODULE INFORMATION:   STATIC OVERLAYABLE
   CODE SIZE        =    178    ----
   CONSTANT SIZE    =   ----    ----
   XDATA SIZE       =   ----    ----
   PDATA SIZE       =   ----    ----
   DATA SIZE        =   ----    ----
   IDATA SIZE       =   ----    ----
   BIT SIZE         =   ----    ----
END OF MODULE INFORMATION.


C51 COMPILATION COMPLETE.  0 WARNING(S),  0 ERROR(S)
