C51 COMPILER V9.60.0.0   MAIN                                                              11/01/2021 13:59:03 PAGE 1   


C51 COMPILER V9.60.0.0, COMPILATION OF MODULE MAIN
OBJECT MODULE PLACED IN .\Objects\main.obj
COMPILER INVOKED BY: C:\Keil_v5\C51\BIN\C51.EXE main.c OPTIMIZE(8,SPEED) BROWSE DEBUG OBJECTEXTEND PRINT(.\Listings\main
                    -.lst) TABS(2) OBJECT(.\Objects\main.obj)

line level    source

   1          #include <REGX52.H>
   2          
   3          #define LED P2
   4          sbit  BTN1 = P3^0;
   5          sbit  BTN2 = P3^1;
   6          
   7          unsigned int check,time,count,countt;
   8          
   9          void DichLed()
  10          {
  11   1        LED = ((LED >> 1) | 0x80);
  12   1      }
  13          
  14          void Delay()
  15          {
  16   1        unsigned int lap;
  17   1        lap = 2;
  18   1        while(lap--)
  19   1        {
  20   2          TMOD = 0x01;
  21   2          TH0 = 0x3C;
  22   2          TL0 = 0xB0;
  23   2          TR0 = 1;
  24   2          while(!TF0);
  25   2          TF0 = 0;
  26   2          TR0 = 0;
  27   2        }
  28   1      }
  29          
  30          void checkbtn2()
  31          {
  32   1        if(BTN2 == 0)
  33   1          {
  34   2            check++;
  35   2            while(!BTN2);
  36   2          }
  37   1      }
  38          
  39          void checkbtn1()
  40          {
  41   1        if(BTN1 == 0)
  42   1        {
  43   2          switch(count)
  44   2          {
  45   3            case 0:
  46   3              time = 5;
  47   3              break;
  48   3            case 1:
  49   3              time = 10;
  50   3              break;
  51   3            case 2:
  52   3              time = 20;
  53   3              break;
  54   3            case 3:
C51 COMPILER V9.60.0.0   MAIN                                                              11/01/2021 13:59:03 PAGE 2   

  55   3              time = 30;
  56   3              break;
  57   3          }
  58   2          count = count + 1;
  59   2          while(!BTN1);
  60   2          if(count == 4)
  61   2            count = 0;  
  62   2          countt = 0;
  63   2        } 
  64   1      }
  65          
  66          void checkLED()
  67          {
  68   1            Delay();
  69   1            countt = countt + 1;
  70   1            if(countt == time)
  71   1            {
  72   2              countt = 0;
  73   2              DichLed();
  74   2            }
  75   1            if(LED == 0xFF)
  76   1              LED = 0x7F;
  77   1      }
  78          
  79          void setup()
  80          {
  81   1        BTN1 = 1;
  82   1        BTN2 = 1;
  83   1        check = 0;
  84   1        time = 10;
  85   1        count = 0;
  86   1        countt = 0;
  87   1        LED = 0x7F;
  88   1      }
  89          
  90          void main(void)
  91          {
  92   1        setup();
  93   1        
  94   1        while(1)
  95   1        {   
  96   2          checkbtn2();
  97   2          if(check%2 == 0)
  98   2          {
  99   3            checkbtn1();
 100   3            checkLED();
 101   3          }
 102   2        }
 103   1      }


MODULE INFORMATION:   STATIC OVERLAYABLE
   CODE SIZE        =    222    ----
   CONSTANT SIZE    =   ----    ----
   XDATA SIZE       =   ----    ----
   PDATA SIZE       =   ----    ----
   DATA SIZE        =      8    ----
   IDATA SIZE       =   ----    ----
   BIT SIZE         =   ----    ----
END OF MODULE INFORMATION.


C51 COMPILATION COMPLETE.  0 WARNING(S),  0 ERROR(S)
